<?xml version="1.0" encoding="UTF-8"?>
<testng-results ignored="0" total="1" passed="1" failed="0" skipped="0">
  <reporter-output>
  </reporter-output>
  <suite started-at="2026-04-06T10:05:00 EDT" name="MyTestSuite" finished-at="2026-04-06T10:05:26 EDT" duration-ms="26066">
    <groups>
    </groups>
    <test started-at="2026-04-06T10:05:00 EDT" name="FunctionalTest1" finished-at="2026-04-06T10:05:26 EDT" duration-ms="26066">
      <class name="com.test.cicdpipeline2.AppTest">
        <test-method is-config="true" signature="setup()[pri:0, instance:com.test.cicdpipeline2.AppTest@6f1de4c7]" started-at="2026-04-06T10:05:00 EDT" name="setup" finished-at="2026-04-06T10:05:08 EDT" duration-ms="8232" status="PASS">
          <reporter-output>
          </reporter-output>
        </test-method> <!-- setup -->
        <test-method signature="openGoogle()[pri:0, instance:com.test.cicdpipeline2.AppTest@6f1de4c7]" started-at="2026-04-06T10:05:08 EDT" name="openGoogle" finished-at="2026-04-06T10:05:26 EDT" duration-ms="17701" status="PASS">
          <reporter-output>
          </reporter-output>
        </test-method> <!-- openGoogle -->
        <test-method is-config="true" signature="teardown()[pri:0, instance:com.test.cicdpipeline2.AppTest@6f1de4c7]" started-at="2026-04-06T10:05:26 EDT" name="teardown" finished-at="2026-04-06T10:05:26 EDT" duration-ms="114" status="PASS">
          <reporter-output>
          </reporter-output>
        </test-method> <!-- teardown -->
      </class> <!-- com.test.cicdpipeline2.AppTest -->
    </test> <!-- FunctionalTest1 -->
  </suite> <!-- MyTestSuite -->
</testng-results>
