<?xml version="1.0" encoding="UTF-8"?>
<testng-results ignored="0" total="1" passed="1" failed="0" skipped="0">
  <reporter-output>
  </reporter-output>
  <suite started-at="2026-04-06T09:09:15 EDT" name="Default suite" finished-at="2026-04-06T09:09:39 EDT" duration-ms="23724">
    <groups>
    </groups>
    <test started-at="2026-04-06T09:09:15 EDT" name="Default test" finished-at="2026-04-06T09:09:39 EDT" duration-ms="23724">
      <class name="com.test.cicdpipeline2.AppTest">
        <test-method is-config="true" signature="setup()[pri:0, instance:com.test.cicdpipeline2.AppTest@6f1de4c7]" started-at="2026-04-06T09:09:15 EDT" name="setup" finished-at="2026-04-06T09:09:25 EDT" duration-ms="9140" status="PASS">
          <reporter-output>
          </reporter-output>
        </test-method> <!-- setup -->
        <test-method signature="openGoogle()[pri:0, instance:com.test.cicdpipeline2.AppTest@6f1de4c7]" started-at="2026-04-06T09:09:25 EDT" name="openGoogle" finished-at="2026-04-06T09:09:39 EDT" duration-ms="14459" status="PASS">
          <reporter-output>
          </reporter-output>
        </test-method> <!-- openGoogle -->
        <test-method is-config="true" signature="teardown()[pri:0, instance:com.test.cicdpipeline2.AppTest@6f1de4c7]" started-at="2026-04-06T09:09:39 EDT" name="teardown" finished-at="2026-04-06T09:09:39 EDT" duration-ms="95" status="PASS">
          <reporter-output>
          </reporter-output>
        </test-method> <!-- teardown -->
      </class> <!-- com.test.cicdpipeline2.AppTest -->
    </test> <!-- Default test -->
  </suite> <!-- Default suite -->
</testng-results>
